<?xml version="1.0" encoding="UTF-8"?>
<testsuite name="com.example.ApplicationTest" tests="1" skipped="0" failures="0" errors="0" timestamp="2022-01-24T07:14:06" hostname="FRIDAY" time="0.112">
  <properties/>
  <testcase name="testPathName" classname="com.example.ApplicationTest" time="0.112"/>
  <system-out><![CDATA[]]></system-out>
  <system-err><![CDATA[]]></system-err>
</testsuite>
