<?xml version="1.0" encoding="UTF-8"?>
<testsuite name="com.example.ApplicationTest" tests="1" skipped="0" failures="0" errors="0" timestamp="2022-01-20T14:04:36" hostname="FRIDAY" time="0.813">
  <properties/>
  <testcase name="testRoot" classname="com.example.ApplicationTest" time="0.813"/>
  <system-out><![CDATA[2022-01-20 19:34:37.353 [Test worker] INFO  ktor.test - Autoreload is disabled because the development mode is off.
2022-01-20 19:34:37.368 [Test worker] INFO  ktor.test - Application started in 0.156 seconds.
]]></system-out>
  <system-err><![CDATA[]]></system-err>
</testsuite>
